<?xml version="1.0" encoding="utf-8"?><testsuite errors="0" failures="0" name="pytest" skips="0" tests="183" time="0.677"><testcase classname="test_submit" file="test_submit.py" line="8" name="test_826" time="0.0006639957427978516"></testcase><testcase classname="test_submit" file="test_submit.py" line="12" name="test_1376" time="0.0005092620849609375"></testcase><testcase classname="test_submit" file="test_submit.py" line="16" name="test_1565" time="0.00046539306640625"></testcase><testcase classname="test_submit" file="test_submit.py" line="24" name="test_2725" time="0.0005016326904296875"></testcase><testcase classname="test_submit" file="test_submit.py" line="28" name="test_2655" time="0.0005104541778564453"></testcase><testcase classname="test_submit" file="test_submit.py" line="32" name="test_2500" time="0.0004990100860595703"></testcase><testcase classname="test_submit" file="test_submit.py" line="40" name="test_1763" time="0.0005266666412353516"></testcase><testcase classname="test_submit" file="test_submit.py" line="44" name="test_168" time="0.0005009174346923828"></testcase><testcase classname="test_submit" file="test_submit.py" line="56" name="test_1304" time="0.0006046295166015625"></testcase><testcase classname="test_submit" file="test_submit.py" line="60" name="test_2600" time="0.0007479190826416016"></testcase><testcase classname="test_submit" file="test_submit.py" line="64" name="test_296" time="0.0006127357482910156"></testcase><testcase classname="test_submit" file="test_submit.py" line="68" name="test_1466" time="0.0006039142608642578"></testcase><testcase classname="test_submit" file="test_submit.py" line="72" name="test_1076" time="0.0007238388061523438"></testcase><testcase classname="test_submit" file="test_submit.py" line="76" name="test_1271" time="0.001180410385131836"></testcase><testcase classname="test_submit" file="test_submit.py" line="96" name="test_2785" time="0.0006322860717773438"></testcase><testcase classname="test_submit" file="test_submit.py" line="104" name="test_2895" time="0.0008358955383300781"></testcase><testcase classname="test_submit" file="test_submit.py" line="108" name="test_1394" time="0.0005309581756591797"></testcase><testcase classname="test_submit" file="test_submit.py" line="112" name="test_2465" time="0.0006427764892578125"></testcase><testcase classname="test_submit" file="test_submit.py" line="120" name="test_2730" time="0.0011990070343017578"></testcase><testcase classname="test_submit" file="test_submit.py" line="124" name="test_2620" time="0.0012516975402832031"></testcase><testcase classname="test_submit" file="test_submit.py" line="128" name="test_2340" time="0.001039743423461914"></testcase><testcase classname="test_submit" file="test_submit.py" line="140" name="test_252" time="0.0010323524475097656"></testcase><testcase classname="test_submit" file="test_submit.py" line="144" name="test_1085" time="0.0015020370483398438"></testcase><testcase classname="test_submit" file="test_submit.py" line="152" name="test_1781" time="0.0008895397186279297"></testcase><testcase classname="test_submit" file="test_submit.py" line="160" name="test_2160" time="0.001470804214477539"></testcase><testcase classname="test_submit" file="test_submit.py" line="168" name="test_2210" time="0.0007467269897460938"></testcase><testcase classname="test_submit" file="test_submit.py" line="172" name="test_2590" time="0.0015327930450439453"></testcase><testcase classname="test_submit" file="test_submit.py" line="184" name="test_2480" time="0.0011303424835205078"></testcase><testcase classname="test_submit" file="test_submit.py" line="188" name="test_2020" time="0.0015566349029541016"></testcase><testcase classname="test_submit" file="test_submit.py" line="192" name="test_2830" time="0.0006394386291503906"></testcase><testcase classname="test_submit" file="test_submit.py" line="196" name="test_2765" time="0.0006306171417236328"></testcase><testcase classname="test_submit" file="test_submit.py" line="200" name="test_2055" time="0.0006525516510009766"></testcase><testcase classname="test_submit" file="test_submit.py" line="204" name="test_764" time="0.0008575916290283203"></testcase><testcase classname="test_submit" file="test_submit.py" line="208" name="test_1742" time="0.0012197494506835938"></testcase><testcase classname="test_submit" file="test_submit.py" line="212" name="test_1643" time="0.0007171630859375"></testcase><testcase classname="test_submit" file="test_submit.py" line="216" name="test_1790" time="0.0007052421569824219"></testcase><testcase classname="test_submit" file="test_submit.py" line="224" name="test_2015" time="0.0010371208190917969"></testcase><testcase classname="test_submit" file="test_submit.py" line="228" name="test_1232" time="0.0008251667022705078"></testcase><testcase classname="test_submit" file="test_submit.py" line="232" name="test_2845" time="0.0006361007690429688"></testcase><testcase classname="test_submit" file="test_submit.py" line="240" name="test_502" time="0.0005984306335449219"></testcase><testcase classname="test_submit" file="test_submit.py" line="244" name="test_1325" time="0.0007770061492919922"></testcase><testcase classname="test_submit" file="test_submit.py" line="248" name="test_1670" time="0.0008139610290527344"></testcase><testcase classname="test_submit" file="test_submit.py" line="252" name="test_1091" time="0.0013592243194580078"></testcase><testcase classname="test_submit" file="test_submit.py" line="256" name="test_2455" time="0.0010693073272705078"></testcase><testcase classname="test_submit" file="test_submit.py" line="260" name="test_2975" time="0.0008435249328613281"></testcase><testcase classname="test_submit" file="test_submit.py" line="264" name="test_2230" time="0.0007410049438476562"></testcase><testcase classname="test_submit" file="test_submit.py" line="272" name="test_2670" time="0.0008792877197265625"></testcase><testcase classname="test_submit" file="test_submit.py" line="276" name="test_638" time="0.0006022453308105469"></testcase><testcase classname="test_submit" file="test_submit.py" line="280" name="test_1358" time="0.0006356239318847656"></testcase><testcase classname="test_submit" file="test_submit.py" line="288" name="test_2365" time="0.0007619857788085938"></testcase><testcase classname="test_submit" file="test_submit.py" line="292" name="test_2715" time="0.001184225082397461"></testcase><testcase classname="test_submit" file="test_submit.py" line="300" name="test_1121" time="0.0013782978057861328"></testcase><testcase classname="test_submit" file="test_submit.py" line="304" name="test_2105" time="0.0014629364013671875"></testcase><testcase classname="test_submit" file="test_submit.py" line="308" name="test_2065" time="0.0012466907501220703"></testcase><testcase classname="test_submit" file="test_submit.py" line="312" name="test_2930" time="0.0010154247283935547"></testcase><testcase classname="test_submit" file="test_submit.py" line="316" name="test_2925" time="0.0010440349578857422"></testcase><testcase classname="test_submit" file="test_submit.py" line="320" name="test_746" time="0.0006778240203857422"></testcase><testcase classname="test_submit" file="test_submit.py" line="324" name="test_1442" time="0.0006644725799560547"></testcase><testcase classname="test_submit" file="test_submit.py" line="328" name="test_1826" time="0.0014209747314453125"></testcase><testcase classname="test_submit" file="test_submit.py" line="332" name="test_1382" time="0.0006535053253173828"></testcase><testcase classname="test_submit" file="test_submit.py" line="344" name="test_2290" time="0.0006475448608398438"></testcase><testcase classname="test_submit" file="test_submit.py" line="348" name="test_1055" time="0.0008597373962402344"></testcase><testcase classname="test_submit" file="test_submit.py" line="356" name="test_2030" time="0.0009298324584960938"></testcase><testcase classname="test_submit" file="test_submit.py" line="364" name="test_2200" time="0.0009613037109375"></testcase><testcase classname="test_submit" file="test_submit.py" line="368" name="test_916" time="0.0010271072387695312"></testcase><testcase classname="test_submit" file="test_submit.py" line="372" name="test_1409" time="0.0008444786071777344"></testcase><testcase classname="test_submit" file="test_submit.py" line="380" name="test_1292" time="0.0014317035675048828"></testcase><testcase classname="test_submit" file="test_submit.py" line="384" name="test_2530" time="0.0006444454193115234"></testcase><testcase classname="test_submit" file="test_submit.py" line="388" name="test_2140" time="0.0006196498870849609"></testcase><testcase classname="test_submit" file="test_submit.py" line="392" name="test_664" time="0.0007565021514892578"></testcase><testcase classname="test_submit" file="test_submit.py" line="396" name="test_1313" time="0.0008668899536132812"></testcase><testcase classname="test_submit" file="test_submit.py" line="400" name="test_2755" time="0.0011835098266601562"></testcase><testcase classname="test_submit" file="test_submit.py" line="404" name="test_2305" time="0.0008242130279541016"></testcase><testcase classname="test_submit" file="test_submit.py" line="412" name="test_2965" time="0.001529693603515625"></testcase><testcase classname="test_submit" file="test_submit.py" line="416" name="test_2060" time="0.0012519359588623047"></testcase><testcase classname="test_submit" file="test_submit.py" line="420" name="test_2625" time="0.0010089874267578125"></testcase><testcase classname="test_submit" file="test_submit.py" line="424" name="test_1295" time="0.0006849765777587891"></testcase><testcase classname="test_submit" file="test_submit.py" line="432" name="test_2555" time="0.0006635189056396484"></testcase><testcase classname="test_submit" file="test_submit.py" line="436" name="test_2610" time="0.0006773471832275391"></testcase><testcase classname="test_submit" file="test_submit.py" line="444" name="test_2295" time="0.0009188652038574219"></testcase><testcase classname="test_submit" file="test_submit.py" line="448" name="test_2800" time="0.0005981922149658203"></testcase><testcase classname="test_submit" file="test_submit.py" line="452" name="test_1460" time="0.001007080078125"></testcase><testcase classname="test_submit" file="test_submit.py" line="456" name="test_2745" time="0.0009076595306396484"></testcase><testcase classname="test_submit" file="test_submit.py" line="464" name="test_2990" time="0.0012652873992919922"></testcase><testcase classname="test_submit" file="test_submit.py" line="476" name="test_2510" time="0.0009143352508544922"></testcase><testcase classname="test_submit" file="test_submit.py" line="480" name="test_934" time="0.0009627342224121094"></testcase><testcase classname="test_submit" file="test_submit.py" line="484" name="test_1130" time="0.000751495361328125"></testcase><testcase classname="test_submit" file="test_submit.py" line="492" name="test_2810" time="0.0008215904235839844"></testcase><testcase classname="test_submit" file="test_submit.py" line="500" name="test_2695" time="0.0006105899810791016"></testcase><testcase classname="test_submit" file="test_submit.py" line="508" name="test_2645" time="0.0009529590606689453"></testcase><testcase classname="test_submit" file="test_submit.py" line="512" name="test_2185" time="0.0007951259613037109"></testcase><testcase classname="test_submit" file="test_submit.py" line="516" name="test_2580" time="0.001010894775390625"></testcase><testcase classname="test_submit" file="test_submit.py" line="520" name="test_1148" time="0.001241922378540039"></testcase><testcase classname="test_submit" file="test_submit.py" line="524" name="test_2780" time="0.0012006759643554688"></testcase><testcase classname="test_submit" file="test_submit.py" line="528" name="test_2805" time="0.001295328140258789"></testcase><testcase classname="test_submit" file="test_submit.py" line="532" name="test_2415" time="0.0008945465087890625"></testcase><testcase classname="test_submit" file="test_submit.py" line="536" name="test_2010" time="0.0007460117340087891"></testcase><testcase classname="test_submit" file="test_submit.py" line="540" name="test_2545" time="0.001100778579711914"></testcase><testcase classname="test_submit" file="test_submit.py" line="544" name="test_2700" time="0.0006506443023681641"></testcase><testcase classname="test_submit" file="test_submit.py" line="548" name="test_1808" time="0.0006136894226074219"></testcase><testcase classname="test_submit" file="test_submit.py" line="552" name="test_2880" time="0.0006632804870605469"></testcase><testcase classname="test_submit" file="test_submit.py" line="556" name="test_2595" time="0.0007572174072265625"></testcase><testcase classname="test_submit" file="test_submit.py" line="560" name="test_2575" time="0.0006320476531982422"></testcase><testcase classname="test_submit" file="test_submit.py" line="568" name="test_2035" time="0.0006175041198730469"></testcase><testcase classname="test_submit" file="test_submit.py" line="572" name="test_2855" time="0.0015680789947509766"></testcase><testcase classname="test_submit" file="test_submit.py" line="576" name="test_2450" time="0.0009086132049560547"></testcase><testcase classname="test_submit" file="test_submit.py" line="580" name="test_1064" time="0.0010221004486083984"></testcase><testcase classname="test_submit" file="test_submit.py" line="584" name="test_2410" time="0.0009717941284179688"></testcase><testcase classname="test_submit" file="test_submit.py" line="588" name="test_2445" time="0.0009772777557373047"></testcase><testcase classname="test_submit" file="test_submit.py" line="592" name="test_2760" time="0.00075531005859375"></testcase><testcase classname="test_submit" file="test_submit.py" line="596" name="test_2550" time="0.0007760524749755859"></testcase><testcase classname="test_submit" file="test_submit.py" line="600" name="test_2420" time="0.0006363391876220703"></testcase><testcase classname="test_submit" file="test_submit.py" line="604" name="test_2605" time="0.0008282661437988281"></testcase><testcase classname="test_submit" file="test_submit.py" line="612" name="test_486" time="0.0008482933044433594"></testcase><testcase classname="test_submit" file="test_submit.py" line="616" name="test_1172" time="0.00118255615234375"></testcase><testcase classname="test_submit" file="test_submit.py" line="624" name="test_1910" time="0.0008425712585449219"></testcase><testcase classname="test_submit" file="test_submit.py" line="628" name="test_2440" time="0.0009593963623046875"></testcase><testcase classname="test_submit" file="test_submit.py" line="632" name="test_2650" time="0.0011794567108154297"></testcase><testcase classname="test_submit" file="test_submit.py" line="636" name="test_1610" time="0.0009868144989013672"></testcase><testcase classname="test_submit" file="test_submit.py" line="644" name="test_2025" time="0.0014102458953857422"></testcase><testcase classname="test_submit" file="test_submit.py" line="648" name="test_2875" time="0.0010459423065185547"></testcase><testcase classname="test_submit" file="test_submit.py" line="652" name="test_2775" time="0.0008800029754638672"></testcase><testcase classname="test_submit" file="test_submit.py" line="656" name="test_62" time="0.0005095005035400391"></testcase><testcase classname="test_submit" file="test_submit.py" line="660" name="test_1160" time="0.0006365776062011719"></testcase><testcase classname="test_submit" file="test_submit.py" line="664" name="test_1013" time="0.0004265308380126953"></testcase><testcase classname="test_submit" file="test_submit.py" line="672" name="test_2125" time="0.00046896934509277344"></testcase><testcase classname="test_submit" file="test_submit.py" line="676" name="test_2740" time="0.0005884170532226562"></testcase><testcase classname="test_submit" file="test_submit.py" line="684" name="test_1841" time="0.0008256435394287109"></testcase><testcase classname="test_submit" file="test_submit.py" line="688" name="test_2275" time="0.0019459724426269531"></testcase><testcase classname="test_submit" file="test_submit.py" line="692" name="test_2520" time="0.001148223876953125"></testcase><testcase classname="test_submit" file="test_submit.py" line="696" name="test_2425" time="0.0007174015045166016"></testcase><testcase classname="test_submit" file="test_submit.py" line="700" name="test_2505" time="0.0005006790161132812"></testcase><testcase classname="test_submit" file="test_submit.py" line="704" name="test_2115" time="0.00048661231994628906"></testcase><testcase classname="test_submit" file="test_submit.py" line="708" name="test_2300" time="0.0005588531494140625"></testcase><testcase classname="test_submit" file="test_submit.py" line="712" name="test_1229" time="0.0004284381866455078"></testcase><testcase classname="test_submit" file="test_submit.py" line="716" name="test_2350" time="0.0005466938018798828"></testcase><testcase classname="test_submit" file="test_submit.py" line="720" name="test_2935" time="0.0006036758422851562"></testcase><testcase classname="test_submit" file="test_submit.py" line="724" name="test_2205" time="0.0008261203765869141"></testcase><testcase classname="test_submit" file="test_submit.py" line="732" name="test_2470" time="0.0010981559753417969"></testcase><testcase classname="test_submit" file="test_submit.py" line="736" name="test_2940" time="0.0005881786346435547"></testcase><testcase classname="test_submit" file="test_submit.py" line="740" name="test_1535" time="0.0005762577056884766"></testcase><testcase classname="test_submit" file="test_submit.py" line="748" name="test_2860" time="0.0005726814270019531"></testcase><testcase classname="test_submit" file="test_submit.py" line="752" name="test_2310" time="0.0011794567108154297"></testcase><testcase classname="test_submit" file="test_submit.py" line="756" name="test_2335" time="0.0007355213165283203"></testcase><testcase classname="test_submit" file="test_submit.py" line="760" name="test_2910" time="0.0005054473876953125"></testcase><testcase classname="test_submit" file="test_submit.py" line="764" name="test_2225" time="0.0004849433898925781"></testcase><testcase classname="test_submit" file="test_submit.py" line="768" name="test_442" time="0.0007290840148925781"></testcase><testcase classname="test_submit" file="test_submit.py" line="772" name="test_1103" time="0.0011501312255859375"></testcase><testcase classname="test_submit" file="test_submit.py" line="776" name="test_1676" time="0.001068115234375"></testcase><testcase classname="test_submit" file="test_submit.py" line="780" name="test_1523" time="0.0015082359313964844"></testcase><testcase classname="test_submit" file="test_submit.py" line="784" name="test_2375" time="0.0005288124084472656"></testcase><testcase classname="test_submit" file="test_submit.py" line="788" name="test_2865" time="0.0005884170532226562"></testcase><testcase classname="test_submit" file="test_submit.py" line="792" name="test_2380" time="0.0005590915679931641"></testcase><testcase classname="test_submit" file="test_submit.py" line="796" name="test_1538" time="0.0005691051483154297"></testcase><testcase classname="test_submit" file="test_submit.py" line="800" name="test_2705" time="0.0010051727294921875"></testcase><testcase classname="test_submit" file="test_submit.py" line="804" name="test_2145" time="0.0006864070892333984"></testcase><testcase classname="test_submit" file="test_submit.py" line="808" name="test_2040" time="0.0009410381317138672"></testcase><testcase classname="test_submit" file="test_submit.py" line="812" name="test_458" time="0.0011038780212402344"></testcase><testcase classname="test_submit" file="test_submit.py" line="816" name="test_1046" time="0.0006961822509765625"></testcase><testcase classname="test_submit" file="test_submit.py" line="820" name="test_1457" time="0.0010237693786621094"></testcase><testcase classname="test_submit" file="test_submit.py" line="824" name="test_1757" time="0.0005841255187988281"></testcase><testcase classname="test_submit" file="test_submit.py" line="828" name="test_2900" time="0.00047135353088378906"></testcase><testcase classname="test_submit" file="test_submit.py" line="832" name="test_2710" time="0.0005402565002441406"></testcase><testcase classname="test_submit" file="test_submit.py" line="836" name="test_2070" time="0.0015552043914794922"></testcase><testcase classname="test_submit" file="test_submit.py" line="840" name="test_2970" time="0.0014383792877197266"></testcase><testcase classname="test_submit" file="test_submit.py" line="844" name="test_80" time="0.0006191730499267578"></testcase><testcase classname="test_submit" file="test_submit.py" line="848" name="test_1835" time="0.0010900497436523438"></testcase><testcase classname="test_submit" file="test_submit.py" line="852" name="test_2680" time="0.0005233287811279297"></testcase><testcase classname="test_submit" file="test_submit.py" line="856" name="test_2565" time="0.00048422813415527344"></testcase><testcase classname="test_submit" file="test_submit.py" line="860" name="test_2080" time="0.000568389892578125"></testcase><testcase classname="test_submit" file="test_submit.py" line="864" name="test_2120" time="0.0006251335144042969"></testcase><testcase classname="test_submit" file="test_submit.py" line="868" name="test_2250" time="0.0005159378051757812"></testcase><testcase classname="test_submit" file="test_submit.py" line="872" name="test_2270" time="0.0007371902465820312"></testcase><testcase classname="test_submit" file="test_submit.py" line="876" name="test_1904" time="0.0006136894226074219"></testcase><testcase classname="test_submit" file="test_submit.py" line="880" name="test_2130" time="0.0006554126739501953"></testcase><testcase classname="test_submit" file="test_submit.py" line="884" name="test_2630" time="0.0007758140563964844"></testcase><testcase classname="test_submit" file="test_submit.py" line="888" name="test_2525" time="0.0006434917449951172"></testcase><testcase classname="test_submit" file="test_submit.py" line="892" name="test_2405" time="0.0005712509155273438"></testcase><testcase classname="test_submit" file="test_submit.py" line="896" name="test_2255" time="0.0006339550018310547"></testcase><testcase classname="test_submit" file="test_submit.py" line="900" name="test_1577" time="0.0012540817260742188"></testcase><testcase classname="test_submit" file="test_submit.py" line="904" name="test_2090" time="0.0005490779876708984"></testcase><testcase classname="test_submit" file="test_submit.py" line="908" name="test_2960" time="0.0009641647338867188"></testcase><testcase classname="test_submit" file="test_submit.py" line="912" name="test_2260" time="0.0013155937194824219"></testcase></testsuite>